<?xml version="1.0" encoding="UTF-8"?>
<!-- Generated by org.testng.reporters.JUnitReportReporter -->
<testsuite hostname="HDLCAMPUS3170" failures="0" tests="1" name="com.example.ExtensionProject.ApplicationTesting" time="13.040" errors="0" timestamp="2022-08-05T10:55:41 IST" skipped="0">
  <testcase classname="com.example.ExtensionProject.ApplicationTesting" name="amountAddedTest" time="13.040"/>
  <system-out/>
</testsuite> <!-- com.example.ExtensionProject.ApplicationTesting -->
