<?xml version="1.0" encoding="UTF-8"?>
<!-- Generated by org.testng.reporters.JUnitReportReporter -->
<testsuite hostname="HDLCAMPUS3170" failures="0" tests="1" name="com.example.ExtensionProject.ApplicationTest" time="12.182" errors="0" timestamp="2022-08-04T18:56:19 IST" skipped="0">
  <testcase classname="com.example.ExtensionProject.ApplicationTest" name="withdrawRequestTest" time="12.182"/>
  <system-out/>
</testsuite> <!-- com.example.ExtensionProject.ApplicationTest -->
